<?xml version="1.0" encoding="UTF-8"?>
<coverage generated="1778426649039" clover="3.2.0">
  <project timestamp="1778426649039" name="All files">
    <metrics statements="21" coveredstatements="21" conditionals="27" coveredconditionals="25" methods="6" coveredmethods="6" elements="54" coveredelements="52" complexity="0" loc="21" ncloc="21" packages="1" files="1" classes="1"/>
    <file name="index.ts" path="/Users/muhammadhassaan/Desktop/lazurde/qitaf-msisdn/src/index.ts">
      <metrics statements="21" coveredstatements="21" conditionals="27" coveredconditionals="25" methods="6" coveredmethods="6"/>
      <line num="8" count="1" type="stmt"/>
      <line num="14" count="49" type="cond" truecount="1" falsecount="1"/>
      <line num="19" count="39" type="stmt"/>
      <line num="36" count="42" type="cond" truecount="4" falsecount="0"/>
      <line num="38" count="39" type="stmt"/>
      <line num="41" count="39" type="stmt"/>
      <line num="42" count="39" type="stmt"/>
      <line num="44" count="39" type="cond" truecount="2" falsecount="0"/>
      <line num="48" count="37" type="cond" truecount="5" falsecount="0"/>
      <line num="50" count="23" type="cond" truecount="2" falsecount="0"/>
      <line num="55" count="23" type="stmt"/>
      <line num="56" count="14" type="cond" truecount="2" falsecount="0"/>
      <line num="58" count="9" type="stmt"/>
      <line num="61" count="5" type="stmt"/>
      <line num="64" count="37" type="cond" truecount="2" falsecount="0"/>
      <line num="65" count="32" type="cond" truecount="2" falsecount="0"/>
      <line num="67" count="27" type="stmt"/>
      <line num="76" count="6" type="cond" truecount="4" falsecount="0"/>
      <line num="77" count="4" type="stmt"/>
      <line num="78" count="4" type="stmt"/>
      <line num="85" count="3" type="stmt"/>
    </file>
  </project>
</coverage>
