{"/Users/muhammadhassaan/Desktop/lazurde/qitaf-msisdn/src/index.ts": {"path":"/Users/muhammadhassaan/Desktop/lazurde/qitaf-msisdn/src/index.ts","statementMap":{"0":{"start":{"line":8,"column":45},"end":{"line":11,"column":1}},"1":{"start":{"line":14,"column":2},"end":{"line":14,"column":58}},"2":{"start":{"line":14,"column":36},"end":{"line":14,"column":56}},"3":{"start":{"line":19,"column":2},"end":{"line":19,"column":53}},"4":{"start":{"line":36,"column":2},"end":{"line":36,"column":57}},"5":{"start":{"line":36,"column":31},"end":{"line":36,"column":57}},"6":{"start":{"line":38,"column":14},"end":{"line":38,"column":26}},"7":{"start":{"line":41,"column":18},"end":{"line":41,"column":37}},"8":{"start":{"line":42,"column":17},"end":{"line":42,"column":35}},"9":{"start":{"line":44,"column":2},"end":{"line":44,"column":41}},"10":{"start":{"line":44,"column":15},"end":{"line":44,"column":41}},"11":{"start":{"line":48,"column":2},"end":{"line":62,"column":3}},"12":{"start":{"line":50,"column":21},"end":{"line":54,"column":14}},"13":{"start":{"line":55,"column":4},"end":{"line":55,"column":26}},"14":{"start":{"line":56,"column":9},"end":{"line":62,"column":3}},"15":{"start":{"line":58,"column":4},"end":{"line":58,"column":33}},"16":{"start":{"line":61,"column":4},"end":{"line":61,"column":24}},"17":{"start":{"line":64,"column":2},"end":{"line":64,"column":66}},"18":{"start":{"line":64,"column":31},"end":{"line":64,"column":66}},"19":{"start":{"line":65,"column":2},"end":{"line":65,"column":74}},"20":{"start":{"line":65,"column":39},"end":{"line":65,"column":74}},"21":{"start":{"line":67,"column":2},"end":{"line":67,"column":43}},"22":{"start":{"line":76,"column":2},"end":{"line":76,"column":67}},"23":{"start":{"line":76,"column":45},"end":{"line":76,"column":67}},"24":{"start":{"line":77,"column":16},"end":{"line":77,"column":35}},"25":{"start":{"line":78,"column":2},"end":{"line":78,"column":33}},"26":{"start":{"line":85,"column":2},"end":{"line":85,"column":50}}},"fnMap":{"0":{"name":"replaceArabicIndic","decl":{"start":{"line":13,"column":9},"end":{"line":13,"column":27}},"loc":{"start":{"line":13,"column":47},"end":{"line":15,"column":1}},"line":13},"1":{"name":"(anonymous_1)","decl":{"start":{"line":14,"column":29},"end":{"line":14,"column":30}},"loc":{"start":{"line":14,"column":36},"end":{"line":14,"column":56}},"line":14},"2":{"name":"stripToDigits","decl":{"start":{"line":17,"column":9},"end":{"line":17,"column":22}},"loc":{"start":{"line":17,"column":42},"end":{"line":20,"column":1}},"line":17},"3":{"name":"normalizeKsaMsisdn","decl":{"start":{"line":35,"column":16},"end":{"line":35,"column":34}},"loc":{"start":{"line":35,"column":67},"end":{"line":68,"column":1}},"line":35},"4":{"name":"maskMsisdn","decl":{"start":{"line":75,"column":16},"end":{"line":75,"column":26}},"loc":{"start":{"line":75,"column":54},"end":{"line":79,"column":1}},"line":75},"5":{"name":"isValidKsaMsisdn","decl":{"start":{"line":84,"column":16},"end":{"line":84,"column":32}},"loc":{"start":{"line":84,"column":57},"end":{"line":86,"column":1}},"line":84}},"branchMap":{"0":{"loc":{"start":{"line":14,"column":36},"end":{"line":14,"column":56}},"type":"binary-expr","locations":[{"start":{"line":14,"column":36},"end":{"line":14,"column":51}},{"start":{"line":14,"column":55},"end":{"line":14,"column":56}}],"line":14},"1":{"loc":{"start":{"line":36,"column":2},"end":{"line":36,"column":57}},"type":"if","locations":[{"start":{"line":36,"column":2},"end":{"line":36,"column":57}},{"start":{},"end":{}}],"line":36},"2":{"loc":{"start":{"line":36,"column":6},"end":{"line":36,"column":29}},"type":"binary-expr","locations":[{"start":{"line":36,"column":6},"end":{"line":36,"column":12}},{"start":{"line":36,"column":16},"end":{"line":36,"column":29}}],"line":36},"3":{"loc":{"start":{"line":44,"column":2},"end":{"line":44,"column":41}},"type":"if","locations":[{"start":{"line":44,"column":2},"end":{"line":44,"column":41}},{"start":{},"end":{}}],"line":44},"4":{"loc":{"start":{"line":48,"column":2},"end":{"line":62,"column":3}},"type":"if","locations":[{"start":{"line":48,"column":2},"end":{"line":62,"column":3}},{"start":{"line":56,"column":9},"end":{"line":62,"column":3}}],"line":48},"5":{"loc":{"start":{"line":48,"column":6},"end":{"line":48,"column":71}},"type":"binary-expr","locations":[{"start":{"line":48,"column":6},"end":{"line":48,"column":13}},{"start":{"line":48,"column":17},"end":{"line":48,"column":43}},{"start":{"line":48,"column":47},"end":{"line":48,"column":71}}],"line":48},"6":{"loc":{"start":{"line":50,"column":21},"end":{"line":54,"column":14}},"type":"cond-expr","locations":[{"start":{"line":51,"column":8},"end":{"line":51,"column":23}},{"start":{"line":52,"column":8},"end":{"line":54,"column":14}}],"line":50},"7":{"loc":{"start":{"line":52,"column":8},"end":{"line":54,"column":14}},"type":"cond-expr","locations":[{"start":{"line":53,"column":8},"end":{"line":53,"column":23}},{"start":{"line":54,"column":8},"end":{"line":54,"column":14}}],"line":52},"8":{"loc":{"start":{"line":56,"column":9},"end":{"line":62,"column":3}},"type":"if","locations":[{"start":{"line":56,"column":9},"end":{"line":62,"column":3}},{"start":{"line":59,"column":9},"end":{"line":62,"column":3}}],"line":56},"9":{"loc":{"start":{"line":64,"column":2},"end":{"line":64,"column":66}},"type":"if","locations":[{"start":{"line":64,"column":2},"end":{"line":64,"column":66}},{"start":{},"end":{}}],"line":64},"10":{"loc":{"start":{"line":65,"column":2},"end":{"line":65,"column":74}},"type":"if","locations":[{"start":{"line":65,"column":2},"end":{"line":65,"column":74}},{"start":{},"end":{}}],"line":65},"11":{"loc":{"start":{"line":76,"column":2},"end":{"line":76,"column":67}},"type":"if","locations":[{"start":{"line":76,"column":2},"end":{"line":76,"column":67}},{"start":{},"end":{}}],"line":76},"12":{"loc":{"start":{"line":76,"column":6},"end":{"line":76,"column":43}},"type":"binary-expr","locations":[{"start":{"line":76,"column":6},"end":{"line":76,"column":16}},{"start":{"line":76,"column":20},"end":{"line":76,"column":43}}],"line":76}},"s":{"0":1,"1":39,"2":49,"3":39,"4":42,"5":3,"6":39,"7":39,"8":39,"9":39,"10":2,"11":37,"12":23,"13":23,"14":14,"15":9,"16":5,"17":37,"18":5,"19":32,"20":5,"21":27,"22":6,"23":2,"24":4,"25":4,"26":3},"f":{"0":39,"1":49,"2":39,"3":42,"4":6,"5":3},"b":{"0":[49,0],"1":[3,39],"2":[42,40],"3":[2,37],"4":[23,14],"5":[37,18,16],"6":[2,21],"7":[21,0],"8":[9,5],"9":[5,32],"10":[5,27],"11":[2,4],"12":[6,5]},"_coverageSchema":"1a1c01bbd47fc00a2c39e90264f33305004495a9","hash":"6dc2f5b85e2f3b8143e3edf9bbe8d6a9ee05825e"}
}
