TN:
SF:src/index.ts
FN:13,replaceArabicIndic
FN:14,(anonymous_1)
FN:17,stripToDigits
FN:35,normalizeKsaMsisdn
FN:75,maskMsisdn
FN:84,isValidKsaMsisdn
FNF:6
FNH:6
FNDA:39,replaceArabicIndic
FNDA:49,(anonymous_1)
FNDA:39,stripToDigits
FNDA:42,normalizeKsaMsisdn
FNDA:6,maskMsisdn
FNDA:3,isValidKsaMsisdn
DA:8,1
DA:14,49
DA:19,39
DA:36,42
DA:38,39
DA:41,39
DA:42,39
DA:44,39
DA:48,37
DA:50,23
DA:55,23
DA:56,14
DA:58,9
DA:61,5
DA:64,37
DA:65,32
DA:67,27
DA:76,6
DA:77,4
DA:78,4
DA:85,3
LF:21
LH:21
BRDA:14,0,0,49
BRDA:14,0,1,0
BRDA:36,1,0,3
BRDA:36,1,1,39
BRDA:36,2,0,42
BRDA:36,2,1,40
BRDA:44,3,0,2
BRDA:44,3,1,37
BRDA:48,4,0,23
BRDA:48,4,1,14
BRDA:48,5,0,37
BRDA:48,5,1,18
BRDA:48,5,2,16
BRDA:50,6,0,2
BRDA:50,6,1,21
BRDA:52,7,0,21
BRDA:52,7,1,0
BRDA:56,8,0,9
BRDA:56,8,1,5
BRDA:64,9,0,5
BRDA:64,9,1,32
BRDA:65,10,0,5
BRDA:65,10,1,27
BRDA:76,11,0,2
BRDA:76,11,1,4
BRDA:76,12,0,6
BRDA:76,12,1,5
BRF:27
BRH:25
end_of_record
